2025-09-30 07:35:18,604 [INFO] [__main__] Initiating job: ecommerce_scrape
2025-09-30 07:35:18,656 [INFO] [web_extractor.core.browser_manager] Starting browser...
2025-09-30 07:37:21,053 [INFO] [__main__] Initiating job: ecommerce_scrape
2025-09-30 07:37:21,058 [INFO] [web_extractor.core.browser_manager] Starting browser...
2025-09-30 07:38:29,202 [INFO] [__main__] Initiating job: ecommerce_scrape
2025-09-30 07:38:29,209 [INFO] [web_extractor.core.browser_manager] Starting browser...
2025-09-30 07:53:47,966 [INFO] [__main__] Initiating job: ecommerce_scrape
2025-09-30 07:53:47,973 [INFO] [web_extractor.core.browser_manager] Starting browser...
2025-09-30 07:53:49,060 [INFO] [web_extractor.core.browser_manager] No session file configured. Creating unauthenticated context.
2025-09-30 07:53:49,259 [ERROR] [web_extractor.core.scraper] A critical error occurred in run(): 'Stealth' object has no attribute 'apply_async'
Traceback (most recent call last):
  File "C:\Users\Anand ganesh\PycharmProjects\Master Data Capture (Config-Driven Web Extractor)\web_extractor\core\scraper.py", line 46, in run
    page = await self.browser_manager.new_page(self.config.auth.session_file)
           ^^^^^^^^^^^^^^^^^^^^^^^^^^^^^^^^^^^^^^^^^^^^^^^^^^^^^^^^^^^^^^^^^^
  File "C:\Users\Anand ganesh\PycharmProjects\Master Data Capture (Config-Driven Web Extractor)\web_extractor\core\browser_manager.py", line 58, in new_page
    await self.stealth.apply_async(page)
          ^^^^^^^^^^^^^^^^^^^^^^^^
AttributeError: 'Stealth' object has no attribute 'apply_async'
2025-09-30 07:53:49,379 [INFO] [web_extractor.core.browser_manager] Browser shut down.
2025-09-30 07:53:49,382 [INFO] [web_extractor.utils.reporting] No errors to report.
2025-09-30 07:53:49,383 [INFO] [web_extractor.utils.reporting] Performance and error reports generated in: output\scraping-course-ecommerce_reports
2025-09-30 07:53:49,383 [INFO] [__main__] Job 'ecommerce_scrape' completed.
2025-09-30 07:55:05,164 [INFO] [__main__] Initiating job: ecommerce_scrape
2025-09-30 07:55:05,169 [INFO] [web_extractor.core.browser_manager] Starting browser...
2025-09-30 07:55:06,159 [INFO] [web_extractor.core.browser_manager] No session file configured. Creating unauthenticated context.
2025-09-30 07:55:06,288 [ERROR] [web_extractor.core.scraper] A critical error occurred in run(): object AsyncWrappingContextManager can't be used in 'await' expression
Traceback (most recent call last):
  File "C:\Users\Anand ganesh\PycharmProjects\Master Data Capture (Config-Driven Web Extractor)\web_extractor\core\scraper.py", line 46, in run
    page = await self.browser_manager.new_page(self.config.auth.session_file)
           ^^^^^^^^^^^^^^^^^^^^^^^^^^^^^^^^^^^^^^^^^^^^^^^^^^^^^^^^^^^^^^^^^^
  File "C:\Users\Anand ganesh\PycharmProjects\Master Data Capture (Config-Driven Web Extractor)\web_extractor\core\browser_manager.py", line 59, in new_page
    await self.stealth.use_async(page)  # <-- this fixes your AttributeError
    ^^^^^^^^^^^^^^^^^^^^^^^^^^^^^^^^^^
TypeError: object AsyncWrappingContextManager can't be used in 'await' expression
2025-09-30 07:55:06,403 [INFO] [web_extractor.core.browser_manager] Browser shut down.
2025-09-30 07:55:06,406 [INFO] [web_extractor.utils.reporting] No errors to report.
2025-09-30 07:55:06,406 [INFO] [web_extractor.utils.reporting] Performance and error reports generated in: output\scraping-course-ecommerce_reports
2025-09-30 07:55:06,407 [INFO] [__main__] Job 'ecommerce_scrape' completed.
2025-09-30 07:58:30,177 [INFO] [__main__] Initiating job: ecommerce_scrape
2025-09-30 07:58:30,184 [INFO] [web_extractor.core.browser_manager] Starting browser...
2025-09-30 07:58:31,249 [INFO] [web_extractor.core.browser_manager] No session file configured. Creating unauthenticated context.
2025-09-30 07:58:31,267 [ERROR] [web_extractor.core.scraper] A critical error occurred in run(): 'Stealth' object does not support the asynchronous context manager protocol
Traceback (most recent call last):
  File "C:\Users\Anand ganesh\PycharmProjects\Master Data Capture (Config-Driven Web Extractor)\web_extractor\core\scraper.py", line 46, in run
    page = await self.browser_manager.new_page(self.config.auth.session_file)
           ^^^^^^^^^^^^^^^^^^^^^^^^^^^^^^^^^^^^^^^^^^^^^^^^^^^^^^^^^^^^^^^^^^
  File "C:\Users\Anand ganesh\PycharmProjects\Master Data Capture (Config-Driven Web Extractor)\web_extractor\core\browser_manager.py", line 57, in new_page
    async with Stealth() as stealth:
               ^^^^^^^^^
TypeError: 'Stealth' object does not support the asynchronous context manager protocol
2025-09-30 07:58:31,419 [INFO] [web_extractor.core.browser_manager] Browser shut down.
2025-09-30 07:58:31,421 [INFO] [web_extractor.utils.reporting] No errors to report.
2025-09-30 07:58:31,421 [INFO] [web_extractor.utils.reporting] Performance and error reports generated in: output\scraping-course-ecommerce_reports
2025-09-30 07:58:31,422 [INFO] [__main__] Job 'ecommerce_scrape' completed.
2025-09-30 08:00:33,898 [INFO] [__main__] Initiating job: ecommerce_scrape
2025-09-30 08:00:33,905 [INFO] [web_extractor.core.browser_manager] Starting browser...
2025-09-30 08:00:34,928 [INFO] [web_extractor.core.browser_manager] No session file configured. Creating unauthenticated context.
2025-09-30 08:00:35,081 [ERROR] [web_extractor.core.scraper] A critical error occurred in run(): 'Stealth' object has no attribute 'use'
Traceback (most recent call last):
  File "C:\Users\Anand ganesh\PycharmProjects\Master Data Capture (Config-Driven Web Extractor)\web_extractor\core\scraper.py", line 46, in run
    page = await self.browser_manager.new_page(self.config.auth.session_file)
           ^^^^^^^^^^^^^^^^^^^^^^^^^^^^^^^^^^^^^^^^^^^^^^^^^^^^^^^^^^^^^^^^^^
  File "C:\Users\Anand ganesh\PycharmProjects\Master Data Capture (Config-Driven Web Extractor)\web_extractor\core\browser_manager.py", line 60, in new_page
    stealth.use(page)  # <-- NO await
    ^^^^^^^^^^^
AttributeError: 'Stealth' object has no attribute 'use'
2025-09-30 08:00:35,217 [INFO] [web_extractor.core.browser_manager] Browser shut down.
2025-09-30 08:00:35,220 [INFO] [web_extractor.utils.reporting] No errors to report.
2025-09-30 08:00:35,220 [INFO] [web_extractor.utils.reporting] Performance and error reports generated in: output\scraping-course-ecommerce_reports
2025-09-30 08:00:35,220 [INFO] [__main__] Job 'ecommerce_scrape' completed.
2025-09-30 08:01:52,159 [INFO] [__main__] Initiating job: ecommerce_scrape
2025-09-30 08:01:52,164 [INFO] [web_extractor.core.browser_manager] Starting browser...
2025-09-30 08:01:53,205 [INFO] [web_extractor.core.browser_manager] No session file configured. Creating unauthenticated context.
2025-09-30 08:01:53,321 [INFO] [web_extractor.core.browser_manager] No session file configured. Creating unauthenticated context.
2025-09-30 08:02:00,824 [INFO] [web_extractor.core.scraper] --- Finished entity: ProductList. Found 16 items. ---
2025-09-30 08:02:00,829 [INFO] [web_extractor.core.browser_manager] No session file configured. Creating unauthenticated context.
2025-09-30 08:02:00,834 [INFO] [web_extractor.core.browser_manager] No session file configured. Creating unauthenticated context.
2025-09-30 08:02:04,625 [WARNING] [web_extractor.core.scraper] Selector '.woocommerce-breadcrumb > a:last-child' not found for field 'category'.
2025-09-30 08:02:04,646 [INFO] [web_extractor.core.browser_manager] No session file configured. Creating unauthenticated context.
2025-09-30 08:02:06,036 [WARNING] [web_extractor.core.scraper] Selector '.woocommerce-breadcrumb > a:last-child' not found for field 'category'.
2025-09-30 08:02:06,053 [INFO] [web_extractor.core.browser_manager] No session file configured. Creating unauthenticated context.
2025-09-30 08:02:07,994 [WARNING] [web_extractor.core.scraper] Selector '.woocommerce-breadcrumb > a:last-child' not found for field 'category'.
2025-09-30 08:02:08,015 [INFO] [web_extractor.core.browser_manager] No session file configured. Creating unauthenticated context.
2025-09-30 08:02:09,539 [WARNING] [web_extractor.core.scraper] Selector '.woocommerce-breadcrumb > a:last-child' not found for field 'category'.
2025-09-30 08:02:09,561 [INFO] [web_extractor.core.browser_manager] No session file configured. Creating unauthenticated context.
2025-09-30 08:02:11,611 [WARNING] [web_extractor.core.scraper] Selector '.woocommerce-breadcrumb > a:last-child' not found for field 'category'.
2025-09-30 08:02:11,632 [INFO] [web_extractor.core.browser_manager] No session file configured. Creating unauthenticated context.
2025-09-30 08:02:17,183 [WARNING] [web_extractor.core.scraper] Selector '.woocommerce-breadcrumb > a:last-child' not found for field 'category'.
2025-09-30 08:02:17,209 [INFO] [web_extractor.core.browser_manager] No session file configured. Creating unauthenticated context.
2025-09-30 08:02:18,747 [WARNING] [web_extractor.core.scraper] Selector '.woocommerce-breadcrumb > a:last-child' not found for field 'category'.
2025-09-30 08:02:18,768 [INFO] [web_extractor.core.browser_manager] No session file configured. Creating unauthenticated context.
2025-09-30 08:02:20,720 [WARNING] [web_extractor.core.scraper] Selector '.woocommerce-breadcrumb > a:last-child' not found for field 'category'.
2025-09-30 08:02:20,739 [INFO] [web_extractor.core.browser_manager] No session file configured. Creating unauthenticated context.
2025-09-30 08:02:23,083 [WARNING] [web_extractor.core.scraper] Selector '.woocommerce-breadcrumb > a:last-child' not found for field 'category'.
2025-09-30 08:02:23,147 [INFO] [web_extractor.core.browser_manager] No session file configured. Creating unauthenticated context.
2025-09-30 08:02:26,110 [WARNING] [web_extractor.core.scraper] Selector '.woocommerce-breadcrumb > a:last-child' not found for field 'category'.
2025-09-30 08:02:26,132 [INFO] [web_extractor.core.browser_manager] No session file configured. Creating unauthenticated context.
2025-09-30 08:02:26,911 [WARNING] [web_extractor.core.scraper] Selector '.woocommerce-breadcrumb > a:last-child' not found for field 'category'.
2025-09-30 08:02:26,933 [INFO] [web_extractor.core.browser_manager] No session file configured. Creating unauthenticated context.
2025-09-30 08:02:30,356 [WARNING] [web_extractor.core.scraper] Selector '.woocommerce-breadcrumb > a:last-child' not found for field 'category'.
2025-09-30 08:02:30,378 [INFO] [web_extractor.core.browser_manager] No session file configured. Creating unauthenticated context.
2025-09-30 08:02:57,036 [WARNING] [web_extractor.core.scraper] Timeout waiting for row selector 'div.product' on https://www.scrapingcourse.com/ecommerce/product/arcadio-gym-short/.
2025-09-30 08:02:57,069 [INFO] [web_extractor.core.browser_manager] No session file configured. Creating unauthenticated context.
2025-09-30 08:03:00,482 [WARNING] [web_extractor.core.scraper] Timeout waiting for row selector 'div.product' on https://www.scrapingcourse.com/ecommerce/product/argus-all-weather-tank/.
2025-09-30 08:03:00,531 [INFO] [web_extractor.core.browser_manager] No session file configured. Creating unauthenticated context.
2025-09-30 08:03:00,990 [WARNING] [web_extractor.core.scraper] Selector '.woocommerce-breadcrumb > a:last-child' not found for field 'category'.
2025-09-30 08:03:04,241 [WARNING] [web_extractor.core.scraper] Selector '.woocommerce-breadcrumb > a:last-child' not found for field 'category'.
2025-09-30 08:03:04,260 [INFO] [web_extractor.core.scraper] --- Finished entity: ProductDetail. Found 14 items. ---
2025-09-30 08:03:04,262 [INFO] [web_extractor.core.scraper] Preparing to save output in 'output' directory...
2025-09-30 08:03:04,286 [INFO] [web_extractor.core.scraper] Saving 16 items for entity 'ProductList' to output\scraping-course-ecommerce_EcommerceProducts_ProductList.csv
2025-09-30 08:03:04,287 [INFO] [web_extractor.core.scraper] Saving 16 items for entity 'ProductList' to output\scraping-course-ecommerce_EcommerceProducts_ProductList.json
2025-09-30 08:03:04,298 [INFO] [web_extractor.core.scraper] Saving 14 items for entity 'ProductDetail' to output\scraping-course-ecommerce_EcommerceProducts_ProductDetail.csv
2025-09-30 08:03:04,299 [INFO] [web_extractor.core.scraper] Saving 14 items for entity 'ProductDetail' to output\scraping-course-ecommerce_EcommerceProducts_ProductDetail.json
2025-09-30 08:03:04,463 [INFO] [web_extractor.core.browser_manager] Browser shut down.
2025-09-30 08:09:21,246 [INFO] [__main__] Initiating job: ecommerce_scrape
2025-09-30 08:09:21,254 [INFO] [web_extractor.core.browser_manager] Starting browser...
2025-09-30 08:09:22,314 [INFO] [web_extractor.core.browser_manager] No session file configured. Creating unauthenticated context.
2025-09-30 08:09:22,440 [INFO] [web_extractor.core.browser_manager] No session file configured. Creating unauthenticated context.
2025-09-30 08:09:30,184 [INFO] [web_extractor.core.scraper] --- Finished entity: ProductList. Found 16 items. ---
2025-09-30 08:09:30,185 [INFO] [web_extractor.core.browser_manager] No session file configured. Creating unauthenticated context.
2025-09-30 08:09:30,189 [INFO] [web_extractor.core.browser_manager] No session file configured. Creating unauthenticated context.
2025-09-30 08:09:35,020 [WARNING] [web_extractor.core.scraper] Selector '.woocommerce-breadcrumb > a:last-child' not found for field 'category'.
2025-09-30 08:09:35,037 [INFO] [web_extractor.core.browser_manager] No session file configured. Creating unauthenticated context.
2025-09-30 08:09:35,246 [WARNING] [web_extractor.core.scraper] Selector '.woocommerce-breadcrumb > a:last-child' not found for field 'category'.
2025-09-30 08:09:35,265 [INFO] [web_extractor.core.browser_manager] No session file configured. Creating unauthenticated context.
2025-09-30 08:09:37,259 [WARNING] [web_extractor.core.scraper] Selector '.woocommerce-breadcrumb > a:last-child' not found for field 'category'.
2025-09-30 08:09:37,278 [INFO] [web_extractor.core.browser_manager] No session file configured. Creating unauthenticated context.
2025-09-30 08:09:37,668 [WARNING] [web_extractor.core.scraper] Selector '.woocommerce-breadcrumb > a:last-child' not found for field 'category'.
2025-09-30 08:09:37,693 [INFO] [web_extractor.core.browser_manager] No session file configured. Creating unauthenticated context.
2025-09-30 08:09:42,989 [WARNING] [web_extractor.core.scraper] Selector '.woocommerce-breadcrumb > a:last-child' not found for field 'category'.
2025-09-30 08:09:43,010 [INFO] [web_extractor.core.browser_manager] No session file configured. Creating unauthenticated context.
2025-09-30 08:09:45,919 [WARNING] [web_extractor.core.scraper] Selector '.woocommerce-breadcrumb > a:last-child' not found for field 'category'.
2025-09-30 08:09:45,943 [INFO] [web_extractor.core.browser_manager] No session file configured. Creating unauthenticated context.
2025-09-30 08:09:46,860 [WARNING] [web_extractor.core.scraper] Selector '.woocommerce-breadcrumb > a:last-child' not found for field 'category'.
2025-09-30 08:09:46,877 [INFO] [web_extractor.core.browser_manager] No session file configured. Creating unauthenticated context.
2025-09-30 08:09:49,007 [WARNING] [web_extractor.core.scraper] Selector '.woocommerce-breadcrumb > a:last-child' not found for field 'category'.
2025-09-30 08:09:49,024 [INFO] [web_extractor.core.browser_manager] No session file configured. Creating unauthenticated context.
2025-09-30 08:09:51,523 [WARNING] [web_extractor.core.scraper] Selector '.woocommerce-breadcrumb > a:last-child' not found for field 'category'.
2025-09-30 08:09:51,591 [INFO] [web_extractor.core.browser_manager] No session file configured. Creating unauthenticated context.
2025-09-30 08:09:54,770 [WARNING] [web_extractor.core.scraper] Selector '.woocommerce-breadcrumb > a:last-child' not found for field 'category'.
2025-09-30 08:09:54,786 [INFO] [web_extractor.core.browser_manager] No session file configured. Creating unauthenticated context.
2025-09-30 08:09:57,224 [WARNING] [web_extractor.core.scraper] Selector '.woocommerce-breadcrumb > a:last-child' not found for field 'category'.
2025-09-30 08:09:57,245 [INFO] [web_extractor.core.browser_manager] No session file configured. Creating unauthenticated context.
2025-09-30 08:09:59,412 [WARNING] [web_extractor.core.scraper] Selector '.woocommerce-breadcrumb > a:last-child' not found for field 'category'.
2025-09-30 08:09:59,434 [INFO] [web_extractor.core.browser_manager] No session file configured. Creating unauthenticated context.
2025-09-30 08:10:01,656 [WARNING] [web_extractor.core.scraper] Selector '.woocommerce-breadcrumb > a:last-child' not found for field 'category'.
2025-09-30 08:10:01,683 [INFO] [web_extractor.core.browser_manager] No session file configured. Creating unauthenticated context.
2025-09-30 08:10:03,747 [WARNING] [web_extractor.core.scraper] Selector '.woocommerce-breadcrumb > a:last-child' not found for field 'category'.
2025-09-30 08:10:03,773 [INFO] [web_extractor.core.browser_manager] No session file configured. Creating unauthenticated context.
2025-09-30 08:10:10,250 [WARNING] [web_extractor.core.scraper] Selector '.woocommerce-breadcrumb > a:last-child' not found for field 'category'.
2025-09-30 08:10:20,561 [WARNING] [web_extractor.core.scraper] Selector '.woocommerce-breadcrumb > a:last-child' not found for field 'category'.
2025-09-30 08:10:20,586 [INFO] [web_extractor.core.scraper] --- Finished entity: ProductDetail. Found 16 items. ---
2025-09-30 08:10:20,587 [INFO] [web_extractor.core.scraper] Preparing to save output in 'output' directory...
2025-09-30 08:10:20,604 [INFO] [web_extractor.core.scraper] Saved 16 items for entity 'ProductList' to output\scraping-course-ecommerce_EcommerceProducts_ProductList.csv
2025-09-30 08:10:20,607 [INFO] [web_extractor.core.scraper] Saved 16 items for entity 'ProductList' to output\scraping-course-ecommerce_EcommerceProducts_ProductList.json
2025-09-30 08:10:20,612 [INFO] [web_extractor.core.scraper] Saved 16 items for entity 'ProductDetail' to output\scraping-course-ecommerce_EcommerceProducts_ProductDetail.csv
2025-09-30 08:10:20,613 [INFO] [web_extractor.core.scraper] Saved 16 items for entity 'ProductDetail' to output\scraping-course-ecommerce_EcommerceProducts_ProductDetail.json
2025-09-30 08:10:20,778 [INFO] [web_extractor.core.browser_manager] Browser shut down.
2025-09-30 08:12:27,601 [INFO] [__main__] Initiating job: ecommerce_scrape
2025-09-30 08:12:27,609 [INFO] [web_extractor.core.browser_manager] Starting browser...
2025-09-30 08:12:28,677 [INFO] [web_extractor.core.browser_manager] No session file configured. Creating unauthenticated context.
2025-09-30 08:12:28,786 [INFO] [web_extractor.core.browser_manager] No session file configured. Creating unauthenticated context.
2025-09-30 08:12:33,754 [INFO] [web_extractor.core.scraper] --- Finished entity: ProductList. Found 16 items. ---
2025-09-30 08:12:33,757 [INFO] [web_extractor.core.browser_manager] No session file configured. Creating unauthenticated context.
2025-09-30 08:12:33,764 [INFO] [web_extractor.core.browser_manager] No session file configured. Creating unauthenticated context.
2025-09-30 08:12:38,295 [WARNING] [web_extractor.core.scraper] Selector '.woocommerce-breadcrumb > a:last-child' not found for field 'category'.
2025-09-30 08:12:38,318 [INFO] [web_extractor.core.browser_manager] No session file configured. Creating unauthenticated context.
2025-09-30 08:12:38,367 [WARNING] [web_extractor.core.scraper] Selector '.woocommerce-breadcrumb > a:last-child' not found for field 'category'.
2025-09-30 08:12:38,385 [INFO] [web_extractor.core.browser_manager] No session file configured. Creating unauthenticated context.
2025-09-30 08:12:41,868 [WARNING] [web_extractor.core.scraper] Selector '.woocommerce-breadcrumb > a:last-child' not found for field 'category'.
2025-09-30 08:12:41,888 [INFO] [web_extractor.core.browser_manager] No session file configured. Creating unauthenticated context.
2025-09-30 08:12:44,138 [WARNING] [web_extractor.core.scraper] Selector '.woocommerce-breadcrumb > a:last-child' not found for field 'category'.
2025-09-30 08:12:44,156 [INFO] [web_extractor.core.browser_manager] No session file configured. Creating unauthenticated context.
2025-09-30 08:12:47,096 [WARNING] [web_extractor.core.scraper] Selector '.woocommerce-breadcrumb > a:last-child' not found for field 'category'.
2025-09-30 08:12:47,117 [INFO] [web_extractor.core.browser_manager] No session file configured. Creating unauthenticated context.
2025-09-30 08:12:50,709 [WARNING] [web_extractor.core.scraper] Selector '.woocommerce-breadcrumb > a:last-child' not found for field 'category'.
2025-09-30 08:12:50,726 [INFO] [web_extractor.core.browser_manager] No session file configured. Creating unauthenticated context.
2025-09-30 08:12:53,152 [WARNING] [web_extractor.core.scraper] Selector '.woocommerce-breadcrumb > a:last-child' not found for field 'category'.
2025-09-30 08:12:53,172 [INFO] [web_extractor.core.browser_manager] No session file configured. Creating unauthenticated context.
2025-09-30 08:12:55,735 [WARNING] [web_extractor.core.scraper] Selector '.woocommerce-breadcrumb > a:last-child' not found for field 'category'.
2025-09-30 08:12:55,757 [INFO] [web_extractor.core.browser_manager] No session file configured. Creating unauthenticated context.
2025-09-30 08:12:56,263 [WARNING] [web_extractor.core.scraper] Selector '.woocommerce-breadcrumb > a:last-child' not found for field 'category'.
2025-09-30 08:12:56,338 [INFO] [web_extractor.core.browser_manager] No session file configured. Creating unauthenticated context.
2025-09-30 08:12:58,560 [WARNING] [web_extractor.core.scraper] Selector '.woocommerce-breadcrumb > a:last-child' not found for field 'category'.
2025-09-30 08:12:58,580 [INFO] [web_extractor.core.browser_manager] No session file configured. Creating unauthenticated context.
2025-09-30 08:12:58,886 [WARNING] [web_extractor.core.scraper] Selector '.woocommerce-breadcrumb > a:last-child' not found for field 'category'.
2025-09-30 08:12:58,908 [INFO] [web_extractor.core.browser_manager] No session file configured. Creating unauthenticated context.
2025-09-30 08:13:00,946 [WARNING] [web_extractor.core.scraper] Selector '.woocommerce-breadcrumb > a:last-child' not found for field 'category'.
2025-09-30 08:13:00,962 [INFO] [web_extractor.core.browser_manager] No session file configured. Creating unauthenticated context.
2025-09-30 08:13:01,742 [WARNING] [web_extractor.core.scraper] Selector '.woocommerce-breadcrumb > a:last-child' not found for field 'category'.
2025-09-30 08:13:01,761 [INFO] [web_extractor.core.browser_manager] No session file configured. Creating unauthenticated context.
2025-09-30 08:13:02,867 [WARNING] [web_extractor.core.scraper] Selector '.woocommerce-breadcrumb > a:last-child' not found for field 'category'.
2025-09-30 08:13:02,882 [INFO] [web_extractor.core.browser_manager] No session file configured. Creating unauthenticated context.
2025-09-30 08:13:04,003 [WARNING] [web_extractor.core.scraper] Selector '.woocommerce-breadcrumb > a:last-child' not found for field 'category'.
2025-09-30 08:13:05,279 [WARNING] [web_extractor.core.scraper] Selector '.woocommerce-breadcrumb > a:last-child' not found for field 'category'.
2025-09-30 08:13:05,298 [INFO] [web_extractor.core.scraper] --- Finished entity: ProductDetail. Found 16 items. ---
2025-09-30 08:13:05,300 [INFO] [web_extractor.core.scraper] Preparing to save output in 'output' directory...
2025-09-30 08:13:05,309 [INFO] [web_extractor.core.scraper] Saved 16 items for entity 'ProductList' to output\scraping-course-ecommerce_EcommerceProducts_ProductList.csv
2025-09-30 08:13:05,310 [INFO] [web_extractor.core.scraper] Saved 16 items for entity 'ProductList' to output\scraping-course-ecommerce_EcommerceProducts_ProductList.json
2025-09-30 08:13:05,313 [INFO] [web_extractor.core.scraper] Saved 16 items for entity 'ProductDetail' to output\scraping-course-ecommerce_EcommerceProducts_ProductDetail.csv
2025-09-30 08:13:05,314 [INFO] [web_extractor.core.scraper] Saved 16 items for entity 'ProductDetail' to output\scraping-course-ecommerce_EcommerceProducts_ProductDetail.json
2025-09-30 08:13:05,449 [INFO] [web_extractor.core.browser_manager] Browser shut down.
2025-09-30 08:16:25,664 [INFO] [__main__] Initiating job: ecommerce_scrape
2025-09-30 08:16:25,671 [INFO] [web_extractor.core.browser_manager] Starting browser...
2025-09-30 08:16:26,695 [INFO] [web_extractor.core.browser_manager] No session file configured. Creating unauthenticated context.
2025-09-30 08:16:26,843 [INFO] [web_extractor.core.browser_manager] No session file configured. Creating unauthenticated context.
2025-09-30 08:16:30,821 [INFO] [web_extractor.core.scraper] --- Finished entity: ProductList. Found 16 items. ---
2025-09-30 08:16:30,821 [INFO] [web_extractor.core.browser_manager] No session file configured. Creating unauthenticated context.
2025-09-30 08:16:30,826 [INFO] [web_extractor.core.browser_manager] No session file configured. Creating unauthenticated context.
2025-09-30 08:16:34,245 [WARNING] [web_extractor.core.scraper] Selector '.woocommerce-breadcrumb > a:last-child' not found for field 'category'.
2025-09-30 08:16:34,263 [INFO] [web_extractor.core.browser_manager] No session file configured. Creating unauthenticated context.
2025-09-30 08:16:34,662 [WARNING] [web_extractor.core.scraper] Selector '.woocommerce-breadcrumb > a:last-child' not found for field 'category'.
2025-09-30 08:16:34,683 [INFO] [web_extractor.core.browser_manager] No session file configured. Creating unauthenticated context.
2025-09-30 08:16:38,810 [WARNING] [web_extractor.core.scraper] Selector '.woocommerce-breadcrumb > a:last-child' not found for field 'category'.
2025-09-30 08:16:38,834 [INFO] [web_extractor.core.browser_manager] No session file configured. Creating unauthenticated context.
2025-09-30 08:16:39,463 [WARNING] [web_extractor.core.scraper] Selector '.woocommerce-breadcrumb > a:last-child' not found for field 'category'.
2025-09-30 08:16:39,489 [INFO] [web_extractor.core.browser_manager] No session file configured. Creating unauthenticated context.
2025-09-30 08:16:44,521 [WARNING] [web_extractor.core.scraper] Selector '.woocommerce-breadcrumb > a:last-child' not found for field 'category'.
2025-09-30 08:16:44,544 [INFO] [web_extractor.core.browser_manager] No session file configured. Creating unauthenticated context.
2025-09-30 08:16:46,377 [WARNING] [web_extractor.core.scraper] Selector '.woocommerce-breadcrumb > a:last-child' not found for field 'category'.
2025-09-30 08:16:46,396 [INFO] [web_extractor.core.browser_manager] No session file configured. Creating unauthenticated context.
2025-09-30 08:16:50,384 [WARNING] [web_extractor.core.scraper] Selector '.woocommerce-breadcrumb > a:last-child' not found for field 'category'.
2025-09-30 08:16:50,409 [INFO] [web_extractor.core.browser_manager] No session file configured. Creating unauthenticated context.
2025-09-30 08:16:54,946 [WARNING] [web_extractor.core.scraper] Selector '.woocommerce-breadcrumb > a:last-child' not found for field 'category'.
2025-09-30 08:16:54,965 [INFO] [web_extractor.core.browser_manager] No session file configured. Creating unauthenticated context.
2025-09-30 08:16:55,426 [WARNING] [web_extractor.core.scraper] Selector '.woocommerce-breadcrumb > a:last-child' not found for field 'category'.
2025-09-30 08:16:55,506 [INFO] [web_extractor.core.browser_manager] No session file configured. Creating unauthenticated context.
2025-09-30 08:16:58,661 [WARNING] [web_extractor.core.scraper] Selector '.woocommerce-breadcrumb > a:last-child' not found for field 'category'.
2025-09-30 08:16:58,679 [INFO] [web_extractor.core.browser_manager] No session file configured. Creating unauthenticated context.
2025-09-30 08:16:59,323 [WARNING] [web_extractor.core.scraper] Selector '.woocommerce-breadcrumb > a:last-child' not found for field 'category'.
2025-09-30 08:16:59,344 [INFO] [web_extractor.core.browser_manager] No session file configured. Creating unauthenticated context.
2025-09-30 08:17:02,925 [WARNING] [web_extractor.core.scraper] Selector '.woocommerce-breadcrumb > a:last-child' not found for field 'category'.
2025-09-30 08:17:02,943 [INFO] [web_extractor.core.browser_manager] No session file configured. Creating unauthenticated context.
2025-09-30 08:17:03,393 [WARNING] [web_extractor.core.scraper] Selector '.woocommerce-breadcrumb > a:last-child' not found for field 'category'.
2025-09-30 08:17:03,414 [INFO] [web_extractor.core.browser_manager] No session file configured. Creating unauthenticated context.
2025-09-30 08:17:07,978 [WARNING] [web_extractor.core.scraper] Selector '.woocommerce-breadcrumb > a:last-child' not found for field 'category'.
2025-09-30 08:17:07,999 [INFO] [web_extractor.core.browser_manager] No session file configured. Creating unauthenticated context.
2025-09-30 08:17:08,059 [WARNING] [web_extractor.core.scraper] Selector '.woocommerce-breadcrumb > a:last-child' not found for field 'category'.
2025-09-30 08:17:12,507 [WARNING] [web_extractor.core.scraper] Selector '.woocommerce-breadcrumb > a:last-child' not found for field 'category'.
2025-09-30 08:17:12,528 [INFO] [web_extractor.core.scraper] --- Finished entity: ProductDetail. Found 16 items. ---
2025-09-30 08:17:12,532 [INFO] [web_extractor.core.scraper] Preparing to save output in 'output' directory...
2025-09-30 08:17:12,533 [INFO] [web_extractor.core.scraper] Saving 16 items for entity 'ProductList' to output\scraping-course-ecommerce_EcommerceProducts_ProductList.csv
2025-09-30 08:17:12,541 [INFO] [web_extractor.core.scraper] Saving 16 items for entity 'ProductList' to output\scraping-course-ecommerce_EcommerceProducts_ProductList.json
2025-09-30 08:17:12,545 [INFO] [web_extractor.core.scraper] Saving 16 items for entity 'ProductDetail' to output\scraping-course-ecommerce_EcommerceProducts_ProductDetail.csv
2025-09-30 08:17:12,548 [INFO] [web_extractor.core.scraper] Saving 16 items for entity 'ProductDetail' to output\scraping-course-ecommerce_EcommerceProducts_ProductDetail.json
2025-09-30 08:17:12,779 [INFO] [web_extractor.core.browser_manager] Browser shut down.
2025-09-30 08:22:25,077 [INFO] [__main__] Initiating job: ecommerce_scrape
2025-09-30 08:22:25,085 [INFO] [web_extractor.core.browser_manager] Starting browser...
2025-09-30 08:22:25,973 [INFO] [web_extractor.core.browser_manager] No session file configured. Creating unauthenticated context.
2025-09-30 08:22:26,078 [INFO] [web_extractor.core.browser_manager] No session file configured. Creating unauthenticated context.
2025-09-30 08:22:30,050 [INFO] [web_extractor.core.scraper] --- Finished entity: ProductList. Found 16 items. ---
2025-09-30 08:22:30,051 [INFO] [web_extractor.core.browser_manager] No session file configured. Creating unauthenticated context.
2025-09-30 08:22:30,056 [INFO] [web_extractor.core.browser_manager] No session file configured. Creating unauthenticated context.
2025-09-30 08:22:33,478 [WARNING] [web_extractor.core.scraper] Selector '.woocommerce-breadcrumb > a:last-child' not found for field 'category'.
2025-09-30 08:22:33,499 [INFO] [web_extractor.core.browser_manager] No session file configured. Creating unauthenticated context.
2025-09-30 08:22:33,707 [WARNING] [web_extractor.core.scraper] Selector '.woocommerce-breadcrumb > a:last-child' not found for field 'category'.
2025-09-30 08:22:33,726 [INFO] [web_extractor.core.browser_manager] No session file configured. Creating unauthenticated context.
2025-09-30 08:22:37,955 [WARNING] [web_extractor.core.scraper] Selector '.woocommerce-breadcrumb > a:last-child' not found for field 'category'.
2025-09-30 08:22:37,976 [INFO] [web_extractor.core.browser_manager] No session file configured. Creating unauthenticated context.
2025-09-30 08:22:41,934 [WARNING] [web_extractor.core.scraper] Selector '.woocommerce-breadcrumb > a:last-child' not found for field 'category'.
2025-09-30 08:22:41,954 [INFO] [web_extractor.core.browser_manager] No session file configured. Creating unauthenticated context.
2025-09-30 08:22:46,441 [WARNING] [web_extractor.core.scraper] Selector '.woocommerce-breadcrumb > a:last-child' not found for field 'category'.
2025-09-30 08:22:46,462 [INFO] [web_extractor.core.browser_manager] No session file configured. Creating unauthenticated context.
2025-09-30 08:22:51,012 [WARNING] [web_extractor.core.scraper] Selector '.woocommerce-breadcrumb > a:last-child' not found for field 'category'.
2025-09-30 08:22:51,031 [INFO] [web_extractor.core.browser_manager] No session file configured. Creating unauthenticated context.
2025-09-30 08:22:55,154 [WARNING] [web_extractor.core.scraper] Selector '.woocommerce-breadcrumb > a:last-child' not found for field 'category'.
2025-09-30 08:22:55,173 [INFO] [web_extractor.core.browser_manager] No session file configured. Creating unauthenticated context.
2025-09-30 08:22:59,039 [WARNING] [web_extractor.core.scraper] Selector '.woocommerce-breadcrumb > a:last-child' not found for field 'category'.
2025-09-30 08:22:59,057 [INFO] [web_extractor.core.browser_manager] No session file configured. Creating unauthenticated context.
2025-09-30 08:23:02,913 [WARNING] [web_extractor.core.scraper] Selector '.woocommerce-breadcrumb > a:last-child' not found for field 'category'.
2025-09-30 08:23:02,982 [INFO] [web_extractor.core.browser_manager] No session file configured. Creating unauthenticated context.
2025-09-30 08:23:03,610 [WARNING] [web_extractor.core.scraper] Timeout waiting for row selector 'div.product' on https://www.scrapingcourse.com/ecommerce/product/aeon-capri/.
2025-09-30 08:23:03,642 [INFO] [web_extractor.core.browser_manager] No session file configured. Creating unauthenticated context.
2025-09-30 08:23:06,819 [WARNING] [web_extractor.core.scraper] Selector '.woocommerce-breadcrumb > a:last-child' not found for field 'category'.
2025-09-30 08:23:06,840 [INFO] [web_extractor.core.browser_manager] No session file configured. Creating unauthenticated context.
2025-09-30 08:23:09,034 [WARNING] [web_extractor.core.scraper] Selector '.woocommerce-breadcrumb > a:last-child' not found for field 'category'.
2025-09-30 08:23:09,053 [INFO] [web_extractor.core.browser_manager] No session file configured. Creating unauthenticated context.
2025-09-30 08:23:10,538 [WARNING] [web_extractor.core.scraper] Selector '.woocommerce-breadcrumb > a:last-child' not found for field 'category'.
2025-09-30 08:23:10,561 [INFO] [web_extractor.core.browser_manager] No session file configured. Creating unauthenticated context.
2025-09-30 08:23:13,278 [WARNING] [web_extractor.core.scraper] Selector '.woocommerce-breadcrumb > a:last-child' not found for field 'category'.
2025-09-30 08:23:13,295 [INFO] [web_extractor.core.browser_manager] No session file configured. Creating unauthenticated context.
2025-09-30 08:23:13,930 [WARNING] [web_extractor.core.scraper] Selector '.woocommerce-breadcrumb > a:last-child' not found for field 'category'.
2025-09-30 08:23:19,261 [WARNING] [web_extractor.core.scraper] Selector '.woocommerce-breadcrumb > a:last-child' not found for field 'category'.
2025-09-30 08:23:19,289 [INFO] [web_extractor.core.scraper] --- Finished entity: ProductDetail. Found 15 items. ---
2025-09-30 08:23:19,292 [INFO] [web_extractor.core.scraper] Preparing to save output in 'output' directory...
2025-09-30 08:23:19,293 [INFO] [web_extractor.core.scraper] Saving 16 items for entity 'ProductList' to output\scraping-course-ecommerce_EcommerceProducts_ProductList.csv
2025-09-30 08:23:19,301 [INFO] [web_extractor.core.scraper] Saving 16 items for entity 'ProductList' to output\scraping-course-ecommerce_EcommerceProducts_ProductList.json
2025-09-30 08:23:19,305 [INFO] [web_extractor.core.scraper] Saving 15 items for entity 'ProductDetail' to output\scraping-course-ecommerce_EcommerceProducts_ProductDetail.csv
2025-09-30 08:23:19,307 [INFO] [web_extractor.core.scraper] Saving 15 items for entity 'ProductDetail' to output\scraping-course-ecommerce_EcommerceProducts_ProductDetail.json
2025-09-30 08:23:19,436 [INFO] [web_extractor.core.browser_manager] Browser shut down.
2025-09-30 08:23:19,447 [INFO] [web_extractor.utils.reporting] Error report with 1 entries saved to output\scraping-course-ecommerce_reports\error_report.csv
2025-09-30 08:23:19,447 [INFO] [web_extractor.utils.reporting] Performance and error reports generated in: output\scraping-course-ecommerce_reports
2025-09-30 08:23:19,448 [INFO] [__main__] Job 'ecommerce_scrape' completed.
2025-10-02 01:16:02,974 [INFO] [__main__] Initiating job: ecommerce_scrape
2025-10-02 01:16:02,985 [ERROR] [__main__] Failed to load or validate configuration: 1 validation error for JobConfig
module.entities.1.row_selector
  Field required [type=missing, input_value={'name': 'ProductDetail',...'div.caption h4.price'}}, input_type=dict]
    For further information visit https://errors.pydantic.dev/2.11/v/missing
Traceback (most recent call last):
  File "C:\Users\Anand ganesh\PycharmProjects\Master Data Capture (Config-Driven Web Extractor)\web_extractor\main.py", line 40, in run
    config = load_job_config(job_name)
             ^^^^^^^^^^^^^^^^^^^^^^^^^
  File "C:\Users\Anand ganesh\PycharmProjects\Master Data Capture (Config-Driven Web Extractor)\web_extractor\main.py", line 29, in load_job_config
    return JobConfig(**data)
           ^^^^^^^^^^^^^^^^^
  File "C:\Users\Anand ganesh\PycharmProjects\Master Data Capture (Config-Driven Web Extractor)\.venv\Lib\site-packages\pydantic\main.py", line 253, in __init__
    validated_self = self.__pydantic_validator__.validate_python(data, self_instance=self)
                     ^^^^^^^^^^^^^^^^^^^^^^^^^^^^^^^^^^^^^^^^^^^^^^^^^^^^^^^^^^^^^^^^^^^^^
pydantic_core._pydantic_core.ValidationError: 1 validation error for JobConfig
module.entities.1.row_selector
  Field required [type=missing, input_value={'name': 'ProductDetail',...'div.caption h4.price'}}, input_type=dict]
    For further information visit https://errors.pydantic.dev/2.11/v/missing
2025-10-02 01:18:12,411 [INFO] [__main__] Initiating job: ecommerce_scrape
2025-10-02 01:18:12,416 [INFO] [web_extractor.core.browser_manager] Starting browser...
2025-10-02 01:18:28,586 [INFO] [web_extractor.core.browser_manager] No session file configured. Creating unauthenticated context.
2025-10-02 01:18:28,806 [INFO] [web_extractor.core.browser_manager] No session file configured. Creating unauthenticated context.
2025-10-02 01:18:39,075 [INFO] [web_extractor.core.scraper] --- Finished entity: ProductList. Found 16 items. ---
2025-10-02 01:18:39,076 [INFO] [web_extractor.core.browser_manager] No session file configured. Creating unauthenticated context.
2025-10-02 01:18:39,082 [INFO] [web_extractor.core.browser_manager] No session file configured. Creating unauthenticated context.
2025-10-02 01:18:44,622 [WARNING] [web_extractor.core.scraper] Selector '.woocommerce-breadcrumb > a:last-child' not found for field 'category'.
2025-10-02 01:18:44,641 [INFO] [web_extractor.core.browser_manager] No session file configured. Creating unauthenticated context.
2025-10-02 01:18:46,500 [WARNING] [web_extractor.core.scraper] Selector '.woocommerce-breadcrumb > a:last-child' not found for field 'category'.
2025-10-02 01:18:46,521 [INFO] [web_extractor.core.browser_manager] No session file configured. Creating unauthenticated context.
2025-10-02 01:18:50,237 [WARNING] [web_extractor.core.scraper] Selector '.woocommerce-breadcrumb > a:last-child' not found for field 'category'.
2025-10-02 01:18:50,259 [INFO] [web_extractor.core.browser_manager] No session file configured. Creating unauthenticated context.
2025-10-02 01:18:51,122 [WARNING] [web_extractor.core.scraper] Selector '.woocommerce-breadcrumb > a:last-child' not found for field 'category'.
2025-10-02 01:18:51,148 [INFO] [web_extractor.core.browser_manager] No session file configured. Creating unauthenticated context.
2025-10-02 01:18:54,042 [WARNING] [web_extractor.core.scraper] Selector '.woocommerce-breadcrumb > a:last-child' not found for field 'category'.
2025-10-02 01:18:54,059 [INFO] [web_extractor.core.browser_manager] No session file configured. Creating unauthenticated context.
2025-10-02 01:18:58,174 [WARNING] [web_extractor.core.scraper] Selector '.woocommerce-breadcrumb > a:last-child' not found for field 'category'.
2025-10-02 01:18:58,192 [INFO] [web_extractor.core.browser_manager] No session file configured. Creating unauthenticated context.
2025-10-02 01:19:06,320 [WARNING] [web_extractor.core.scraper] Selector '.woocommerce-breadcrumb > a:last-child' not found for field 'category'.
2025-10-02 01:19:06,355 [INFO] [web_extractor.core.browser_manager] No session file configured. Creating unauthenticated context.
2025-10-02 01:19:11,689 [WARNING] [web_extractor.core.scraper] Selector '.woocommerce-breadcrumb > a:last-child' not found for field 'category'.
2025-10-02 01:19:11,714 [INFO] [web_extractor.core.browser_manager] No session file configured. Creating unauthenticated context.
2025-10-02 01:19:24,180 [INFO] [web_extractor.core.browser_manager] No session file configured. Creating unauthenticated context.
2025-10-02 01:19:24,248 [WARNING] [web_extractor.core.scraper] Selector '.woocommerce-breadcrumb > a:last-child' not found for field 'category'.
2025-10-02 01:19:24,271 [INFO] [web_extractor.core.browser_manager] No session file configured. Creating unauthenticated context.
2025-10-02 01:19:29,553 [WARNING] [web_extractor.core.scraper] Selector '.woocommerce-breadcrumb > a:last-child' not found for field 'category'.
2025-10-02 01:19:29,577 [INFO] [web_extractor.core.browser_manager] No session file configured. Creating unauthenticated context.
2025-10-02 01:19:32,573 [WARNING] [web_extractor.core.scraper] Selector '.woocommerce-breadcrumb > a:last-child' not found for field 'category'.
2025-10-02 01:19:32,597 [INFO] [web_extractor.core.browser_manager] No session file configured. Creating unauthenticated context.
2025-10-02 01:19:36,038 [WARNING] [web_extractor.core.scraper] Selector '.woocommerce-breadcrumb > a:last-child' not found for field 'category'.
2025-10-02 01:19:36,059 [INFO] [web_extractor.core.browser_manager] No session file configured. Creating unauthenticated context.
2025-10-02 01:19:40,822 [WARNING] [web_extractor.core.scraper] Selector '.woocommerce-breadcrumb > a:last-child' not found for field 'category'.
2025-10-02 01:19:40,840 [INFO] [web_extractor.core.browser_manager] No session file configured. Creating unauthenticated context.
2025-10-02 01:19:41,700 [WARNING] [web_extractor.core.scraper] Selector '.woocommerce-breadcrumb > a:last-child' not found for field 'category'.
2025-10-02 01:19:46,199 [WARNING] [web_extractor.core.scraper] Selector '.woocommerce-breadcrumb > a:last-child' not found for field 'category'.
2025-10-02 01:19:46,216 [INFO] [web_extractor.core.scraper] --- Finished entity: ProductDetail. Found 15 items. ---
2025-10-02 01:19:46,222 [ERROR] [web_extractor.core.scraper] A critical error occurred in run(): 'ScraperEngine' object has no attribute '_save_final_output'
Traceback (most recent call last):
  File "C:\Users\Anand ganesh\PycharmProjects\Master Data Capture (Config-Driven Web Extractor)\web_extractor\core\scraper.py", line 56, in run
    self._save_final_output()
    ^^^^^^^^^^^^^^^^^^^^^^^
AttributeError: 'ScraperEngine' object has no attribute '_save_final_output'
2025-10-02 01:19:46,389 [INFO] [web_extractor.core.browser_manager] Browser shut down.
2025-10-02 01:19:46,571 [INFO] [web_extractor.utils.reporting] All reports generated in: reports
2025-10-02 01:19:46,571 [INFO] [__main__] Job 'ecommerce_scrape' completed.
2025-10-02 01:19:46,613 [INFO] [git.cmd] Ignored error after process had died: OSError(9, 'The handle is invalid', None, 6, None)
2025-10-02 01:19:46,615 [INFO] [git.cmd] Ignored error after process had died: OSError(9, 'The handle is invalid', None, 6, None)
2025-10-02 01:25:52,062 [INFO] [__main__] Initiating job: ecommerce_scrape
2025-10-02 01:25:52,065 [INFO] [web_extractor.core.browser_manager] Starting browser...
2025-10-02 01:25:52,664 [INFO] [web_extractor.core.browser_manager] No session file configured. Creating unauthenticated context.
2025-10-02 01:25:52,755 [INFO] [web_extractor.core.browser_manager] No session file configured. Creating unauthenticated context.
2025-10-02 01:26:03,310 [INFO] [web_extractor.core.scraper] --- Finished entity: ProductList. Found 16 items. ---
2025-10-02 01:26:03,311 [INFO] [web_extractor.core.browser_manager] No session file configured. Creating unauthenticated context.
2025-10-02 01:26:03,314 [INFO] [web_extractor.core.browser_manager] No session file configured. Creating unauthenticated context.
2025-10-02 01:26:08,159 [WARNING] [web_extractor.core.scraper] Selector '.woocommerce-breadcrumb >  a:last-of-type' not found for field 'category'.
2025-10-02 01:26:08,170 [INFO] [web_extractor.core.browser_manager] No session file configured. Creating unauthenticated context.
2025-10-02 01:26:08,417 [WARNING] [web_extractor.core.scraper] Selector '.woocommerce-breadcrumb >  a:last-of-type' not found for field 'category'.
2025-10-02 01:26:08,429 [INFO] [web_extractor.core.browser_manager] No session file configured. Creating unauthenticated context.
2025-10-02 01:26:12,888 [WARNING] [web_extractor.core.scraper] Selector '.woocommerce-breadcrumb >  a:last-of-type' not found for field 'category'.
2025-10-02 01:26:12,898 [INFO] [web_extractor.core.browser_manager] No session file configured. Creating unauthenticated context.
2025-10-02 01:26:13,039 [WARNING] [web_extractor.core.scraper] Selector '.woocommerce-breadcrumb >  a:last-of-type' not found for field 'category'.
2025-10-02 01:26:13,050 [INFO] [web_extractor.core.browser_manager] No session file configured. Creating unauthenticated context.
2025-10-02 01:26:17,123 [WARNING] [web_extractor.core.scraper] Selector '.woocommerce-breadcrumb >  a:last-of-type' not found for field 'category'.
2025-10-02 01:26:17,132 [INFO] [web_extractor.core.browser_manager] No session file configured. Creating unauthenticated context.
2025-10-02 01:26:24,537 [WARNING] [web_extractor.core.scraper] Selector '.woocommerce-breadcrumb >  a:last-of-type' not found for field 'category'.
2025-10-02 01:26:24,549 [INFO] [web_extractor.core.browser_manager] No session file configured. Creating unauthenticated context.
2025-10-02 01:26:29,147 [WARNING] [web_extractor.core.scraper] Selector '.woocommerce-breadcrumb >  a:last-of-type' not found for field 'category'.
2025-10-02 01:26:29,157 [INFO] [web_extractor.core.browser_manager] No session file configured. Creating unauthenticated context.
2025-10-02 01:26:34,789 [WARNING] [web_extractor.core.scraper] Selector '.woocommerce-breadcrumb >  a:last-of-type' not found for field 'category'.
2025-10-02 01:26:34,800 [INFO] [web_extractor.core.browser_manager] No session file configured. Creating unauthenticated context.
2025-10-02 01:26:35,278 [WARNING] [web_extractor.core.scraper] Selector '.woocommerce-breadcrumb >  a:last-of-type' not found for field 'category'.
2025-10-02 01:26:35,290 [INFO] [web_extractor.core.browser_manager] No session file configured. Creating unauthenticated context.
2025-10-02 01:26:39,479 [WARNING] [web_extractor.core.scraper] Selector '.woocommerce-breadcrumb >  a:last-of-type' not found for field 'category'.
2025-10-02 01:26:39,488 [INFO] [web_extractor.core.browser_manager] No session file configured. Creating unauthenticated context.
2025-10-02 01:26:39,604 [WARNING] [web_extractor.core.scraper] Selector '.woocommerce-breadcrumb >  a:last-of-type' not found for field 'category'.
2025-10-02 01:26:39,613 [INFO] [web_extractor.core.browser_manager] No session file configured. Creating unauthenticated context.
2025-10-02 01:26:44,320 [WARNING] [web_extractor.core.scraper] Selector '.woocommerce-breadcrumb >  a:last-of-type' not found for field 'category'.
2025-10-02 01:26:44,329 [INFO] [web_extractor.core.browser_manager] No session file configured. Creating unauthenticated context.
2025-10-02 01:26:45,541 [WARNING] [web_extractor.core.scraper] Selector '.woocommerce-breadcrumb >  a:last-of-type' not found for field 'category'.
2025-10-02 01:26:45,552 [INFO] [web_extractor.core.browser_manager] No session file configured. Creating unauthenticated context.
2025-10-02 01:26:50,946 [WARNING] [web_extractor.core.scraper] Selector '.woocommerce-breadcrumb >  a:last-of-type' not found for field 'category'.
2025-10-02 01:26:50,956 [INFO] [web_extractor.core.browser_manager] No session file configured. Creating unauthenticated context.
2025-10-02 01:26:51,072 [WARNING] [web_extractor.core.scraper] Selector '.woocommerce-breadcrumb >  a:last-of-type' not found for field 'category'.
2025-10-02 01:26:55,064 [WARNING] [web_extractor.core.scraper] Selector '.woocommerce-breadcrumb >  a:last-of-type' not found for field 'category'.
2025-10-02 01:26:55,075 [INFO] [web_extractor.core.scraper] --- Finished entity: ProductDetail. Found 16 items. ---
2025-10-02 01:26:55,076 [INFO] [web_extractor.core.scraper] Preparing to save 16 final items from entity 'ProductDetail'.
2025-10-02 01:26:55,133 [INFO] [web_extractor.core.scraper] Saving 16 items to output\scraping-course-ecommerce_EcommerceProducts_ProductDetail_20251002_012655_6ed45a8.csv
2025-10-02 01:26:55,138 [INFO] [web_extractor.core.scraper] Saving 16 items to output\scraping-course-ecommerce_EcommerceProducts_ProductDetail_20251002_012655_6ed45a8.json
2025-10-02 01:26:55,239 [INFO] [web_extractor.core.browser_manager] Browser shut down.
2025-10-02 01:26:55,282 [INFO] [web_extractor.utils.reporting] No errors to report.
2025-10-02 01:26:55,322 [INFO] [web_extractor.utils.reporting] All reports generated in: reports
2025-10-02 01:26:55,323 [INFO] [__main__] Job 'ecommerce_scrape' completed.
2025-10-02 01:42:32,598 [INFO] [__main__] Initiating job: ecommerce_scrape
2025-10-02 01:42:32,601 [INFO] [web_extractor.core.browser_manager] Starting browser...
2025-10-02 01:42:33,564 [INFO] [web_extractor.core.browser_manager] No session file configured. Creating unauthenticated context.
2025-10-02 01:42:33,945 [INFO] [web_extractor.core.browser_manager] No session file configured. Creating unauthenticated context.
2025-10-02 01:42:45,441 [INFO] [web_extractor.core.scraper] --- Finished entity: ProductList. Found 16 items. ---
2025-10-02 01:42:45,443 [INFO] [web_extractor.core.browser_manager] No session file configured. Creating unauthenticated context.
2025-10-02 01:42:45,449 [INFO] [web_extractor.core.browser_manager] No session file configured. Creating unauthenticated context.
2025-10-02 01:42:49,964 [INFO] [web_extractor.core.browser_manager] No session file configured. Creating unauthenticated context.
2025-10-02 01:42:55,684 [INFO] [web_extractor.core.browser_manager] No session file configured. Creating unauthenticated context.
2025-10-02 01:42:58,196 [INFO] [web_extractor.core.browser_manager] No session file configured. Creating unauthenticated context.
2025-10-02 01:43:04,949 [INFO] [web_extractor.core.browser_manager] No session file configured. Creating unauthenticated context.
2025-10-02 01:43:19,640 [INFO] [web_extractor.core.browser_manager] No session file configured. Creating unauthenticated context.
2025-10-02 01:43:20,445 [INFO] [web_extractor.core.browser_manager] No session file configured. Creating unauthenticated context.
2025-10-02 01:43:26,009 [INFO] [web_extractor.core.browser_manager] No session file configured. Creating unauthenticated context.
2025-10-02 01:43:27,941 [INFO] [web_extractor.core.browser_manager] No session file configured. Creating unauthenticated context.
2025-10-02 01:43:30,685 [INFO] [web_extractor.core.browser_manager] No session file configured. Creating unauthenticated context.
2025-10-02 01:43:32,435 [INFO] [web_extractor.core.browser_manager] No session file configured. Creating unauthenticated context.
2025-10-02 01:43:35,866 [INFO] [web_extractor.core.browser_manager] No session file configured. Creating unauthenticated context.
2025-10-02 01:43:40,827 [INFO] [web_extractor.core.browser_manager] No session file configured. Creating unauthenticated context.
2025-10-02 01:43:42,048 [INFO] [web_extractor.core.browser_manager] No session file configured. Creating unauthenticated context.
2025-10-02 01:43:51,185 [INFO] [web_extractor.core.browser_manager] No session file configured. Creating unauthenticated context.
2025-10-02 01:44:00,646 [INFO] [web_extractor.core.scraper] --- Finished entity: ProductDetail. Found 16 items. ---
2025-10-02 01:44:00,647 [INFO] [web_extractor.core.scraper] Preparing to save 16 final items from entity 'ProductDetail'.
2025-10-02 01:44:00,709 [INFO] [web_extractor.core.scraper] Saving 16 items to output\scraping-course-ecommerce_EcommerceProducts_ProductDetail_20251002_014400_6ed45a8.csv
2025-10-02 01:44:00,722 [INFO] [web_extractor.core.scraper] Saving 16 items to output\scraping-course-ecommerce_EcommerceProducts_ProductDetail_20251002_014400_6ed45a8.json
2025-10-02 01:44:01,213 [INFO] [web_extractor.core.browser_manager] Browser shut down.
2025-10-02 01:44:01,266 [INFO] [web_extractor.utils.reporting] No errors to report.
2025-10-02 01:44:01,318 [INFO] [web_extractor.utils.reporting] All reports generated in: reports
2025-10-02 01:44:01,319 [INFO] [__main__] Job 'ecommerce_scrape' completed.
2025-10-02 01:52:45,550 [INFO] [__main__] Initiating job: ecommerce_scrape
2025-10-02 01:52:45,552 [ERROR] [__main__] Failed to load or validate configuration: 2 validation errors for JobConfig
module.entities.0.paginate.param
  Field required [type=missing, input_value={'type': 'next_button', '....next', 'max_pages': 10}, input_type=dict]
    For further information visit https://errors.pydantic.dev/2.11/v/missing
module.entities.0.paginate.stop_rule
  Field required [type=missing, input_value={'type': 'next_button', '....next', 'max_pages': 10}, input_type=dict]
    For further information visit https://errors.pydantic.dev/2.11/v/missing
Traceback (most recent call last):
  File "C:\Users\Anand ganesh\PycharmProjects\Master Data Capture (Config-Driven Web Extractor)\web_extractor\main.py", line 40, in run
    config = load_job_config(job_name)
             ^^^^^^^^^^^^^^^^^^^^^^^^^
  File "C:\Users\Anand ganesh\PycharmProjects\Master Data Capture (Config-Driven Web Extractor)\web_extractor\main.py", line 29, in load_job_config
    return JobConfig(**data)
           ^^^^^^^^^^^^^^^^^
  File "C:\Users\Anand ganesh\PycharmProjects\Master Data Capture (Config-Driven Web Extractor)\.venv\Lib\site-packages\pydantic\main.py", line 253, in __init__
    validated_self = self.__pydantic_validator__.validate_python(data, self_instance=self)
                     ^^^^^^^^^^^^^^^^^^^^^^^^^^^^^^^^^^^^^^^^^^^^^^^^^^^^^^^^^^^^^^^^^^^^^
pydantic_core._pydantic_core.ValidationError: 2 validation errors for JobConfig
module.entities.0.paginate.param
  Field required [type=missing, input_value={'type': 'next_button', '....next', 'max_pages': 10}, input_type=dict]
    For further information visit https://errors.pydantic.dev/2.11/v/missing
module.entities.0.paginate.stop_rule
  Field required [type=missing, input_value={'type': 'next_button', '....next', 'max_pages': 10}, input_type=dict]
    For further information visit https://errors.pydantic.dev/2.11/v/missing
2025-10-02 01:52:50,817 [INFO] [__main__] Initiating job: ecommerce_scrape
2025-10-02 01:52:50,821 [ERROR] [__main__] Failed to load or validate configuration: 2 validation errors for JobConfig
module.entities.0.paginate.param
  Field required [type=missing, input_value={'type': 'next_button', '....next', 'max_pages': 10}, input_type=dict]
    For further information visit https://errors.pydantic.dev/2.11/v/missing
module.entities.0.paginate.stop_rule
  Field required [type=missing, input_value={'type': 'next_button', '....next', 'max_pages': 10}, input_type=dict]
    For further information visit https://errors.pydantic.dev/2.11/v/missing
Traceback (most recent call last):
  File "C:\Users\Anand ganesh\PycharmProjects\Master Data Capture (Config-Driven Web Extractor)\web_extractor\main.py", line 40, in run
    config = load_job_config(job_name)
             ^^^^^^^^^^^^^^^^^^^^^^^^^
  File "C:\Users\Anand ganesh\PycharmProjects\Master Data Capture (Config-Driven Web Extractor)\web_extractor\main.py", line 29, in load_job_config
    return JobConfig(**data)
           ^^^^^^^^^^^^^^^^^
  File "C:\Users\Anand ganesh\PycharmProjects\Master Data Capture (Config-Driven Web Extractor)\.venv\Lib\site-packages\pydantic\main.py", line 253, in __init__
    validated_self = self.__pydantic_validator__.validate_python(data, self_instance=self)
                     ^^^^^^^^^^^^^^^^^^^^^^^^^^^^^^^^^^^^^^^^^^^^^^^^^^^^^^^^^^^^^^^^^^^^^
pydantic_core._pydantic_core.ValidationError: 2 validation errors for JobConfig
module.entities.0.paginate.param
  Field required [type=missing, input_value={'type': 'next_button', '....next', 'max_pages': 10}, input_type=dict]
    For further information visit https://errors.pydantic.dev/2.11/v/missing
module.entities.0.paginate.stop_rule
  Field required [type=missing, input_value={'type': 'next_button', '....next', 'max_pages': 10}, input_type=dict]
    For further information visit https://errors.pydantic.dev/2.11/v/missing
2025-10-02 01:55:14,722 [INFO] [__main__] Initiating job: ecommerce_scrape
2025-10-02 01:55:14,725 [INFO] [web_extractor.core.browser_manager] Starting browser...
2025-10-02 01:55:15,372 [INFO] [web_extractor.core.browser_manager] No session file configured. Creating unauthenticated context.
2025-10-02 01:55:15,471 [INFO] [web_extractor.core.browser_manager] No session file configured. Creating unauthenticated context.
2025-10-02 01:55:37,113 [INFO] [web_extractor.core.scraper] --- Finished entity: ProductList. Found 0 items. ---
2025-10-02 01:55:37,114 [WARNING] [web_extractor.core.scraper] No URLs to scrape for entity: ProductDetail
2025-10-02 01:55:37,115 [WARNING] [web_extractor.core.scraper] No final data was produced to save.
2025-10-02 01:55:37,268 [INFO] [web_extractor.core.browser_manager] Browser shut down.
2025-10-02 01:55:37,375 [INFO] [web_extractor.utils.reporting] All reports generated in: reports
2025-10-02 01:55:37,376 [INFO] [__main__] Job 'ecommerce_scrape' completed.
2025-10-02 01:56:07,495 [INFO] [__main__] Initiating job: ecommerce_scrape
2025-10-02 01:56:07,499 [INFO] [web_extractor.core.browser_manager] Starting browser...
2025-10-02 01:56:08,218 [INFO] [web_extractor.core.browser_manager] No session file configured. Creating unauthenticated context.
2025-10-02 01:56:08,573 [INFO] [web_extractor.core.browser_manager] No session file configured. Creating unauthenticated context.
2025-10-02 01:56:25,570 [INFO] [web_extractor.core.scraper] --- Finished entity: ProductList. Found 0 items. ---
2025-10-02 01:56:25,570 [WARNING] [web_extractor.core.scraper] No URLs to scrape for entity: ProductDetail
2025-10-02 01:56:25,572 [WARNING] [web_extractor.core.scraper] No final data was produced to save.
2025-10-02 01:56:26,038 [INFO] [web_extractor.core.browser_manager] Browser shut down.
2025-10-02 01:56:26,194 [INFO] [web_extractor.utils.reporting] All reports generated in: reports
2025-10-02 01:56:26,195 [INFO] [__main__] Job 'ecommerce_scrape' completed.
2025-10-02 02:33:02,616 [INFO] [__main__] Initiating job: ecommerce_scrape
2025-10-02 02:33:02,622 [INFO] [web_extractor.core.browser_manager] Starting browser...
2025-10-02 02:33:03,538 [INFO] [web_extractor.core.browser_manager] No session file configured. Creating unauthenticated context.
2025-10-02 02:33:03,680 [INFO] [web_extractor.core.browser_manager] No session file configured. Creating unauthenticated context.
2025-10-02 02:33:25,057 [INFO] [web_extractor.core.scraper] --- Finished entity: ProductList. Found 0 items. ---
2025-10-02 02:33:25,058 [WARNING] [web_extractor.core.scraper] No URLs to scrape for entity: ProductDetail
2025-10-02 02:33:25,059 [WARNING] [web_extractor.core.scraper] No final data was produced to save.
2025-10-02 02:33:25,335 [INFO] [web_extractor.core.browser_manager] Browser shut down.
2025-10-02 02:33:25,472 [INFO] [web_extractor.utils.reporting] All reports generated in: reports
2025-10-02 02:33:25,473 [INFO] [__main__] Job 'ecommerce_scrape' completed.
2025-10-02 02:33:32,946 [INFO] [__main__] Initiating job: ecommerce_scrape
2025-10-02 02:33:32,951 [INFO] [web_extractor.core.browser_manager] Starting browser...
2025-10-02 02:33:34,001 [INFO] [web_extractor.core.browser_manager] No session file configured. Creating unauthenticated context.
2025-10-02 02:33:34,561 [INFO] [web_extractor.core.browser_manager] No session file configured. Creating unauthenticated context.
2025-10-02 02:33:51,855 [INFO] [web_extractor.core.scraper] --- Finished entity: ProductList. Found 0 items. ---
2025-10-02 02:33:51,858 [WARNING] [web_extractor.core.scraper] No URLs to scrape for entity: ProductDetail
2025-10-02 02:33:51,859 [WARNING] [web_extractor.core.scraper] No final data was produced to save.
2025-10-02 02:33:52,311 [INFO] [web_extractor.core.browser_manager] Browser shut down.
2025-10-02 02:33:52,468 [INFO] [web_extractor.utils.reporting] All reports generated in: reports
2025-10-02 02:33:52,468 [INFO] [__main__] Job 'ecommerce_scrape' completed.
2025-10-02 02:38:16,864 [INFO] [__main__] Initiating job: ecommerce_scrape
2025-10-02 02:38:16,871 [INFO] [web_extractor.core.browser_manager] Starting browser...
2025-10-02 02:38:18,081 [INFO] [web_extractor.core.browser_manager] Loading session state from state/scrapingcourse_session.json
2025-10-02 02:38:18,158 [ERROR] [web_extractor.core.scraper] A critical error occurred in run(): cannot access local variable 'page' where it is not associated with a value
Traceback (most recent call last):
  File "C:\Users\Anand ganesh\PycharmProjects\Master Data Capture (Config-Driven Web Extractor)\web_extractor\core\scraper.py", line 45, in run
    page = await self.browser_manager.new_page(self.config.auth.session_file)
           ^^^^^^^^^^^^^^^^^^^^^^^^^^^^^^^^^^^^^^^^^^^^^^^^^^^^^^^^^^^^^^^^^^
  File "C:\Users\Anand ganesh\PycharmProjects\Master Data Capture (Config-Driven Web Extractor)\web_extractor\core\browser_manager.py", line 64, in new_page
    return page
           ^^^^
UnboundLocalError: cannot access local variable 'page' where it is not associated with a value
2025-10-02 02:38:18,413 [INFO] [web_extractor.core.browser_manager] Browser shut down.
2025-10-02 02:38:18,482 [INFO] [web_extractor.utils.reporting] No errors to report.
2025-10-02 02:38:18,563 [INFO] [web_extractor.utils.reporting] All reports generated in: reports
2025-10-02 02:38:18,563 [INFO] [__main__] Job 'ecommerce_scrape' completed.
2025-10-02 02:43:20,471 [INFO] [__main__] Initiating job: ecommerce_scrape
2025-10-02 02:43:20,486 [INFO] [web_extractor.core.browser_manager] Starting browser...
2025-10-02 02:43:21,654 [INFO] [web_extractor.core.browser_manager] Loading session state from state/scrapingcourse_session.json
2025-10-02 02:43:21,762 [INFO] [web_extractor.core.browser_manager] Loading session state from state/scrapingcourse_session.json
2025-10-02 02:43:21,788 [ERROR] [web_extractor.core.scraper] Task for URL https://www.scrapingcourse.com/pagination failed: 'NoneType' object has no attribute 'goto'
2025-10-02 02:43:21,790 [INFO] [web_extractor.core.scraper] --- Finished entity: ProductList. Found 0 items. ---
2025-10-02 02:43:21,792 [WARNING] [web_extractor.core.scraper] No URLs to scrape for entity: ProductDetail
2025-10-02 02:43:21,793 [WARNING] [web_extractor.core.scraper] No final data was produced to save.
2025-10-02 02:43:22,042 [INFO] [web_extractor.core.browser_manager] Browser shut down.
2025-10-02 02:43:22,284 [INFO] [web_extractor.utils.reporting] All reports generated in: reports
2025-10-02 02:43:22,285 [INFO] [__main__] Job 'ecommerce_scrape' completed.
2025-10-02 02:47:40,113 [INFO] [__main__] Initiating job: ecommerce_scrape
2025-10-02 02:47:40,116 [INFO] [web_extractor.core.browser_manager] Starting browser...
2025-10-02 02:47:40,826 [INFO] [web_extractor.core.browser_manager] Loading session state from state/scrapingcourse_session.json
2025-10-02 02:47:40,866 [ERROR] [web_extractor.core.scraper] Task for URL https://www.scrapingcourse.com/pagination failed: 'NoneType' object has no attribute 'goto'
2025-10-02 02:47:40,866 [INFO] [web_extractor.core.scraper] --- Finished entity: ProductList. Found 0 items. ---
2025-10-02 02:47:40,866 [WARNING] [web_extractor.core.scraper] No URLs to scrape for entity: ProductDetail
2025-10-02 02:47:40,867 [WARNING] [web_extractor.core.scraper] No final data was produced to save.
2025-10-02 02:47:41,005 [INFO] [web_extractor.core.browser_manager] Browser shut down.
2025-10-02 02:47:41,103 [INFO] [web_extractor.utils.reporting] All reports generated in: reports
2025-10-02 02:47:41,104 [INFO] [__main__] Job 'ecommerce_scrape' completed.
2025-10-02 02:51:27,923 [INFO] [__main__] Initiating job: ecommerce_scrape
2025-10-02 02:51:27,926 [INFO] [web_extractor.core.browser_manager] Starting browser...
2025-10-02 02:51:28,692 [INFO] [web_extractor.core.browser_manager] Loading session state from state/scrapingcourse_session.json
2025-10-02 02:51:28,736 [ERROR] [web_extractor.core.scraper] Task for URL https://www.scrapingcourse.com/pagination failed: 'NoneType' object has no attribute 'goto'
2025-10-02 02:51:28,737 [INFO] [web_extractor.core.scraper] --- Finished entity: ProductList. Found 0 items. ---
2025-10-02 02:51:28,737 [WARNING] [web_extractor.core.scraper] No URLs to scrape for entity: ProductDetail
2025-10-02 02:51:28,737 [WARNING] [web_extractor.core.scraper] No final data was produced to save.
2025-10-02 02:51:28,883 [INFO] [web_extractor.core.browser_manager] Browser shut down.
2025-10-02 02:51:28,975 [INFO] [web_extractor.utils.reporting] All reports generated in: reports
2025-10-02 02:51:28,975 [INFO] [__main__] Job 'ecommerce_scrape' completed.
2025-10-02 03:59:57,765 [INFO] [__main__] Initiating job: ecommerce_scrape
2025-10-02 03:59:57,772 [ERROR] [__main__] Failed to load or validate configuration: 2 validation errors for JobConfig
module.entities.0.paginate.param
  Field required [type=missing, input_value={'type': 'next_button', '....next', 'max_pages': 10}, input_type=dict]
    For further information visit https://errors.pydantic.dev/2.11/v/missing
module.entities.0.paginate.stop_rule
  Field required [type=missing, input_value={'type': 'next_button', '....next', 'max_pages': 10}, input_type=dict]
    For further information visit https://errors.pydantic.dev/2.11/v/missing
Traceback (most recent call last):
  File "C:\Users\Anand ganesh\PycharmProjects\Master Data Capture (Config-Driven Web Extractor)\web_extractor\main.py", line 39, in run
    config = load_job_config(job_name)
             ^^^^^^^^^^^^^^^^^^^^^^^^^
  File "C:\Users\Anand ganesh\PycharmProjects\Master Data Capture (Config-Driven Web Extractor)\web_extractor\main.py", line 28, in load_job_config
    return JobConfig(**data)
           ^^^^^^^^^^^^^^^^^
  File "C:\Users\Anand ganesh\PycharmProjects\Master Data Capture (Config-Driven Web Extractor)\.venv\Lib\site-packages\pydantic\main.py", line 253, in __init__
    validated_self = self.__pydantic_validator__.validate_python(data, self_instance=self)
                     ^^^^^^^^^^^^^^^^^^^^^^^^^^^^^^^^^^^^^^^^^^^^^^^^^^^^^^^^^^^^^^^^^^^^^
pydantic_core._pydantic_core.ValidationError: 2 validation errors for JobConfig
module.entities.0.paginate.param
  Field required [type=missing, input_value={'type': 'next_button', '....next', 'max_pages': 10}, input_type=dict]
    For further information visit https://errors.pydantic.dev/2.11/v/missing
module.entities.0.paginate.stop_rule
  Field required [type=missing, input_value={'type': 'next_button', '....next', 'max_pages': 10}, input_type=dict]
    For further information visit https://errors.pydantic.dev/2.11/v/missing
2025-10-02 04:07:34,851 [INFO] [__main__] Initiating job: ecommerce_scrape
2025-10-02 04:07:34,858 [ERROR] [__main__] Failed to load or validate configuration: 2 validation errors for JobConfig
module.entities.0.paginate.param
  Field required [type=missing, input_value={'type': 'next_button', '....next', 'max_pages': 10}, input_type=dict]
    For further information visit https://errors.pydantic.dev/2.11/v/missing
module.entities.0.paginate.stop_rule
  Field required [type=missing, input_value={'type': 'next_button', '....next', 'max_pages': 10}, input_type=dict]
    For further information visit https://errors.pydantic.dev/2.11/v/missing
Traceback (most recent call last):
  File "C:\Users\Anand ganesh\PycharmProjects\Master Data Capture (Config-Driven Web Extractor)\web_extractor\main.py", line 39, in run
    config = load_job_config(job_name)
             ^^^^^^^^^^^^^^^^^^^^^^^^^
  File "C:\Users\Anand ganesh\PycharmProjects\Master Data Capture (Config-Driven Web Extractor)\web_extractor\main.py", line 28, in load_job_config
    return JobConfig(**data)
           ^^^^^^^^^^^^^^^^^
  File "C:\Users\Anand ganesh\PycharmProjects\Master Data Capture (Config-Driven Web Extractor)\.venv\Lib\site-packages\pydantic\main.py", line 253, in __init__
    validated_self = self.__pydantic_validator__.validate_python(data, self_instance=self)
                     ^^^^^^^^^^^^^^^^^^^^^^^^^^^^^^^^^^^^^^^^^^^^^^^^^^^^^^^^^^^^^^^^^^^^^
pydantic_core._pydantic_core.ValidationError: 2 validation errors for JobConfig
module.entities.0.paginate.param
  Field required [type=missing, input_value={'type': 'next_button', '....next', 'max_pages': 10}, input_type=dict]
    For further information visit https://errors.pydantic.dev/2.11/v/missing
module.entities.0.paginate.stop_rule
  Field required [type=missing, input_value={'type': 'next_button', '....next', 'max_pages': 10}, input_type=dict]
    For further information visit https://errors.pydantic.dev/2.11/v/missing
2025-10-02 04:10:49,098 [INFO] [__main__] Initiating job: ecommerce_scrape
2025-10-02 04:10:49,104 [ERROR] [__main__] Failed to load or validate configuration: 2 validation errors for JobConfig
module.entities.0.paginate.param
  Input should be a valid string [type=string_type, input_value=None, input_type=NoneType]
    For further information visit https://errors.pydantic.dev/2.11/v/string_type
module.entities.0.paginate.stop_rule
  Input should be a valid string [type=string_type, input_value=None, input_type=NoneType]
    For further information visit https://errors.pydantic.dev/2.11/v/string_type
Traceback (most recent call last):
  File "C:\Users\Anand ganesh\PycharmProjects\Master Data Capture (Config-Driven Web Extractor)\web_extractor\main.py", line 39, in run
    config = load_job_config(job_name)
             ^^^^^^^^^^^^^^^^^^^^^^^^^
  File "C:\Users\Anand ganesh\PycharmProjects\Master Data Capture (Config-Driven Web Extractor)\web_extractor\main.py", line 28, in load_job_config
    return JobConfig(**data)
           ^^^^^^^^^^^^^^^^^
  File "C:\Users\Anand ganesh\PycharmProjects\Master Data Capture (Config-Driven Web Extractor)\.venv\Lib\site-packages\pydantic\main.py", line 253, in __init__
    validated_self = self.__pydantic_validator__.validate_python(data, self_instance=self)
                     ^^^^^^^^^^^^^^^^^^^^^^^^^^^^^^^^^^^^^^^^^^^^^^^^^^^^^^^^^^^^^^^^^^^^^
pydantic_core._pydantic_core.ValidationError: 2 validation errors for JobConfig
module.entities.0.paginate.param
  Input should be a valid string [type=string_type, input_value=None, input_type=NoneType]
    For further information visit https://errors.pydantic.dev/2.11/v/string_type
module.entities.0.paginate.stop_rule
  Input should be a valid string [type=string_type, input_value=None, input_type=NoneType]
    For further information visit https://errors.pydantic.dev/2.11/v/string_type
2025-10-02 04:21:09,745 [INFO] [__main__] Initiating job: ecommerce_scrape
2025-10-02 04:21:09,750 [INFO] [web_extractor.core.browser_manager] Starting browser...
2025-10-02 04:21:11,203 [INFO] [web_extractor.core.browser_manager] Browser shut down.
2025-10-02 04:31:28,732 [INFO] [__main__] Initiating job: ecommerce_scrape
2025-10-02 04:31:28,737 [INFO] [web_extractor.core.browser_manager] Starting browser...
2025-10-02 04:31:29,909 [INFO] [web_extractor.core.browser_manager] Browser shut down.
2025-10-02 09:20:59,368 [INFO] [__main__] Initiating job: ecommerce_scrape
2025-10-02 09:20:59,374 [INFO] [web_extractor.core.browser_manager] Starting browser...
2025-10-02 09:21:00,572 [INFO] [web_extractor.core.browser_manager] Browser shut down.
2025-10-03 00:33:11,825 [INFO] [__main__] Initiating job: ecommerce_scrape
2025-10-03 00:33:11,829 [INFO] [web_extractor.core.browser_manager] Starting browser...
2025-10-03 00:33:28,664 [INFO] [web_extractor.core.browser_manager] Browser shut down.
